<?xml version="1.0" encoding="UTF-8"?>
<!-- Generated by org.testng.reporters.JUnitReportReporter -->
<testsuite skipped="0" hostname="ARIATECH-14" name="seleniumpractice.practice1" tests="1" failures="0" timestamp="15 Oct 2018 05:13:48 GMT" time="12.226" errors="0">
  <testcase name="pavan" time="12.226" classname="seleniumpractice.practice1"/>
</testsuite> <!-- seleniumpractice.practice1 -->
